<?xml version="1.0" encoding="UTF-8"?>
<testng-results skipped="0" failed="0" ignored="0" total="1" passed="1">
  <reporter-output>
  </reporter-output>
  <suite name="Suite" duration-ms="2556" started-at="2019-06-18T10:08:59Z" finished-at="2019-06-18T10:09:02Z">
    <groups>
    </groups>
    <test name="Test" duration-ms="2556" started-at="2019-06-18T10:08:59Z" finished-at="2019-06-18T10:09:02Z">
      <class name="Reporting.ReortExample">
        <test-method status="PASS" signature="startTest()[pri:0, instance:Reporting.ReortExample@224edc67]" name="startTest" is-config="true" duration-ms="102" started-at="2019-06-18T10:08:59Z" finished-at="2019-06-18T10:09:00Z">
          <reporter-output>
          </reporter-output>
        </test-method> <!-- startTest -->
        <test-method status="PASS" signature="extentReportsDemo()[pri:0, instance:Reporting.ReortExample@224edc67]" name="extentReportsDemo" duration-ms="2254" started-at="2019-06-18T10:09:00Z" finished-at="2019-06-18T10:09:02Z">
          <reporter-output>
          </reporter-output>
        </test-method> <!-- extentReportsDemo -->
        <test-method status="PASS" signature="endTest()[pri:0, instance:Reporting.ReortExample@224edc67]" name="endTest" is-config="true" duration-ms="185" started-at="2019-06-18T10:09:02Z" finished-at="2019-06-18T10:09:02Z">
          <reporter-output>
          </reporter-output>
        </test-method> <!-- endTest -->
      </class> <!-- Reporting.ReortExample -->
    </test> <!-- Test -->
  </suite> <!-- Suite -->
</testng-results>
